[0309/120201.752:ERROR:process_memory_win.cc(73)] ReadMemory at 0x7ff60d3c0000 of 64 bytes failed: Only part of a ReadProcessMemory or WriteProcessMemory request was completed. (0x12B)
[0309/120201.753:WARNING:pe_image_reader.cc(340)] could not read dos header from C:\Program Files (x86)\Google\Chrome\Application\chrome.exe
[0309/120201.754:ERROR:process_memory_win.cc(73)] ReadMemory at 0x7ff60d3c0000 of 64 bytes failed: Only part of a ReadProcessMemory or WriteProcessMemory request was completed. (0x12B)
[0309/120201.754:WARNING:pe_image_reader.cc(340)] could not read dos header from C:\Program Files (x86)\Google\Chrome\Application\chrome.exe
[0309/120201.754:ERROR:process_memory_win.cc(73)] ReadMemory at 0x216cc634720 of 72 bytes failed: Only part of a ReadProcessMemory or WriteProcessMemory request was completed. (0x12B)
[0309/120201.754:WARNING:pe_image_annotations_reader.cc(134)] could not read annotations list object in C:\Program Files (x86)\Google\Chrome\Application\80.0.3987.132\chrome_elf.dll
[0309/120201.754:ERROR:process_memory_win.cc(73)] ReadMemory at 0x7ffddfd30000 of 64 bytes failed: Only part of a ReadProcessMemory or WriteProcessMemory request was completed. (0x12B)
[0309/120201.754:WARNING:pe_image_reader.cc(340)] could not read dos header from C:\Program Files (x86)\Google\Chrome\Application\80.0.3987.132\chrome.dll
[0309/120201.754:ERROR:process_memory_win.cc(73)] ReadMemory at 0x7ffddfd30000 of 64 bytes failed: Only part of a ReadProcessMemory or WriteProcessMemory request was completed. (0x12B)
[0309/120201.754:WARNING:pe_image_reader.cc(340)] could not read dos header from C:\Program Files (x86)\Google\Chrome\Application\80.0.3987.132\chrome.dll
[0309/120201.755:ERROR:process_memory_win.cc(73)] ReadMemory at 0x7ffe221c0230 of 40 bytes failed: Only part of a ReadProcessMemory or WriteProcessMemory request was completed. (0x12B)
[0309/120201.755:WARNING:pe_image_reader.cc(392)] could not read section 1 from C:\WINDOWS\SYSTEM32\UIAutomationCore.DLL
[0309/120201.755:ERROR:process_memory_win.cc(73)] ReadMemory at 0x7ffe221c0000 of 64 bytes failed: Only part of a ReadProcessMemory or WriteProcessMemory request was completed. (0x12B)
[0309/120201.755:WARNING:pe_image_reader.cc(340)] could not read dos header from C:\WINDOWS\SYSTEM32\UIAutomationCore.DLL
[0309/120201.755:ERROR:process_memory_win.cc(73)] ReadMemory at 0x7ffe403e0000 of 64 bytes failed: Only part of a ReadProcessMemory or WriteProcessMemory request was completed. (0x12B)
[0309/120201.755:WARNING:pe_image_reader.cc(340)] could not read dos header from C:\WINDOWS\SYSTEM32\DWrite.dll
[0309/120201.755:ERROR:process_memory_win.cc(73)] ReadMemory at 0x7ffe403e0000 of 64 bytes failed: Only part of a ReadProcessMemory or WriteProcessMemory request was completed. (0x12B)
[0309/120201.755:WARNING:pe_image_reader.cc(340)] could not read dos header from C:\WINDOWS\SYSTEM32\DWrite.dll
[0309/120201.755:ERROR:process_memory_win.cc(73)] ReadMemory at 0x7ffe41010000 of 64 bytes failed: Only part of a ReadProcessMemory or WriteProcessMemory request was completed. (0x12B)
[0309/120201.755:WARNING:pe_image_reader.cc(340)] could not read dos header from C:\WINDOWS\SYSTEM32\WINSPOOL.DRV
[0309/120201.755:ERROR:process_memory_win.cc(73)] ReadMemory at 0x7ffe41010000 of 64 bytes failed: Only part of a ReadProcessMemory or WriteProcessMemory request was completed. (0x12B)
[0309/120201.755:WARNING:pe_image_reader.cc(340)] could not read dos header from C:\WINDOWS\SYSTEM32\WINSPOOL.DRV
[0309/120201.755:ERROR:process_memory_win.cc(73)] ReadMemory at 0x7ffe50a20228 of 40 bytes failed: Only part of a ReadProcessMemory or WriteProcessMemory request was completed. (0x12B)
[0309/120201.755:WARNING:pe_image_reader.cc(392)] could not read section 1 from C:\WINDOWS\System32\kernel.appcore.dll
[0309/120201.755:ERROR:process_memory_win.cc(73)] ReadMemory at 0x7ffe50a20000 of 64 bytes failed: Only part of a ReadProcessMemory or WriteProcessMemory request was completed. (0x12B)
[0309/120201.755:WARNING:pe_image_reader.cc(340)] could not read dos header from C:\WINDOWS\System32\kernel.appcore.dll
[0309/120201.755:ERROR:process_memory_win.cc(73)] ReadMemory at 0x7ffe39890000 of 64 bytes failed: Only part of a ReadProcessMemory or WriteProcessMemory request was completed. (0x12B)
[0309/120201.755:WARNING:pe_image_reader.cc(340)] could not read dos header from C:\WINDOWS\SYSTEM32\dbghelp.dll
[0309/120201.755:ERROR:process_memory_win.cc(73)] ReadMemory at 0x7ffe39890000 of 64 bytes failed: Only part of a ReadProcessMemory or WriteProcessMemory request was completed. (0x12B)
[0309/120201.756:WARNING:pe_image_reader.cc(340)] could not read dos header from C:\WINDOWS\SYSTEM32\dbghelp.dll
[0309/120201.756:ERROR:process_memory_win.cc(73)] ReadMemory at 0x7ffe415e0000 of 64 bytes failed: Only part of a ReadProcessMemory or WriteProcessMemory request was completed. (0x12B)
[0309/120201.756:WARNING:pe_image_reader.cc(340)] could not read dos header from C:\WINDOWS\SYSTEM32\WINHTTP.dll
[0309/120201.756:ERROR:process_memory_win.cc(73)] ReadMemory at 0x7ffe415e0000 of 64 bytes failed: Only part of a ReadProcessMemory or WriteProcessMemory request was completed. (0x12B)
[0309/120201.756:WARNING:pe_image_reader.cc(340)] could not read dos header from C:\WINDOWS\SYSTEM32\WINHTTP.dll
[0309/120201.756:ERROR:process_memory_win.cc(73)] ReadMemory at 0x7ffe4b270000 of 64 bytes failed: Only part of a ReadProcessMemory or WriteProcessMemory request was completed. (0x12B)
[0309/120201.756:WARNING:pe_image_reader.cc(340)] could not read dos header from C:\WINDOWS\SYSTEM32\dhcpcsvc.DLL
[0309/120201.756:ERROR:process_memory_win.cc(73)] ReadMemory at 0x7ffe4b270000 of 64 bytes failed: Only part of a ReadProcessMemory or WriteProcessMemory request was completed. (0x12B)
[0309/120201.756:WARNING:pe_image_reader.cc(340)] could not read dos header from C:\WINDOWS\SYSTEM32\dhcpcsvc.DLL
[0309/120201.756:ERROR:process_memory_win.cc(73)] ReadMemory at 0x7ffe52510000 of 64 bytes failed: Only part of a ReadProcessMemory or WriteProcessMemory request was completed. (0x12B)
[0309/120201.756:WARNING:pe_image_reader.cc(340)] could not read dos header from C:\WINDOWS\System32\NSI.dll
[0309/120201.756:ERROR:process_memory_win.cc(73)] ReadMemory at 0x7ffe52510000 of 64 bytes failed: Only part of a ReadProcessMemory or WriteProcessMemory request was completed. (0x12B)
[0309/120201.756:WARNING:pe_image_reader.cc(340)] could not read dos header from C:\WINDOWS\System32\NSI.dll
[0309/120201.756:ERROR:process_memory_win.cc(73)] ReadMemory at 0x7ffe4e980000 of 64 bytes failed: Only part of a ReadProcessMemory or WriteProcessMemory request was completed. (0x12B)
[0309/120201.756:WARNING:pe_image_reader.cc(340)] could not read dos header from C:\WINDOWS\SYSTEM32\WINMMBASE.dll
[0309/120201.756:ERROR:process_memory_win.cc(73)] ReadMemory at 0x7ffe4e980000 of 64 bytes failed: Only part of a ReadProcessMemory or WriteProcessMemory request was completed. (0x12B)
[0309/120201.756:WARNING:pe_image_reader.cc(340)] could not read dos header from C:\WINDOWS\SYSTEM32\WINMMBASE.dll
[0309/120201.756:ERROR:process_memory_win.cc(73)] ReadMemory at 0x7ffe50d30000 of 64 bytes failed: Only part of a ReadProcessMemory or WriteProcessMemory request was completed. (0x12B)
[0309/120201.756:WARNING:pe_image_reader.cc(340)] could not read dos header from C:\WINDOWS\System32\cfgmgr32.dll
[0309/120201.756:ERROR:process_memory_win.cc(73)] ReadMemory at 0x7ffe50d30000 of 64 bytes failed: Only part of a ReadProcessMemory or WriteProcessMemory request was completed. (0x12B)
[0309/120201.756:WARNING:pe_image_reader.cc(340)] could not read dos header from C:\WINDOWS\System32\cfgmgr32.dll
[0309/120201.756:ERROR:process_memory_win.cc(73)] ReadMemory at 0x7ffe4d370000 of 64 bytes failed: Only part of a ReadProcessMemory or WriteProcessMemory request was completed. (0x12B)
[0309/120201.756:WARNING:pe_image_reader.cc(340)] could not read dos header from C:\WINDOWS\SYSTEM32\PROPSYS.dll
[0309/120201.756:ERROR:process_memory_win.cc(73)] ReadMemory at 0x7ffe4d370000 of 64 bytes failed: Only part of a ReadProcessMemory or WriteProcessMemory request was completed. (0x12B)
[0309/120201.756:WARNING:pe_image_reader.cc(340)] could not read dos header from C:\WINDOWS\SYSTEM32\PROPSYS.dll
[0309/120201.756:ERROR:process_memory_win.cc(73)] ReadMemory at 0x7ffe53300000 of 64 bytes failed: Only part of a ReadProcessMemory or WriteProcessMemory request was completed. (0x12B)
[0309/120201.756:WARNING:pe_image_reader.cc(340)] could not read dos header from C:\WINDOWS\System32\shcore.dll
[0309/120201.756:ERROR:process_memory_win.cc(73)] ReadMemory at 0x7ffe53300000 of 64 bytes failed: Only part of a ReadProcessMemory or WriteProcessMemory request was completed. (0x12B)
[0309/120201.756:WARNING:pe_image_reader.cc(340)] could not read dos header from C:\WINDOWS\System32\shcore.dll
[0309/120201.756:ERROR:process_memory_win.cc(73)] ReadMemory at 0x7ffe508e0000 of 64 bytes failed: Only part of a ReadProcessMemory or WriteProcessMemory request was completed. (0x12B)
[0309/120201.756:WARNING:pe_image_reader.cc(340)] could not read dos header from C:\WINDOWS\SYSTEM32\SSPICLI.DLL
[0309/120201.756:ERROR:process_memory_win.cc(73)] ReadMemory at 0x7ffe508e0000 of 64 bytes failed: Only part of a ReadProcessMemory or WriteProcessMemory request was completed. (0x12B)
[0309/120201.756:WARNING:pe_image_reader.cc(340)] could not read dos header from C:\WINDOWS\SYSTEM32\SSPICLI.DLL
[0309/120201.756:ERROR:process_memory_win.cc(73)] ReadMemory at 0x7ffe50390000 of 64 bytes failed: Only part of a ReadProcessMemory or WriteProcessMemory request was completed. (0x12B)
[0309/120201.756:WARNING:pe_image_reader.cc(340)] could not read dos header from C:\WINDOWS\SYSTEM32\CRYPTBASE.DLL
[0309/120201.756:ERROR:process_memory_win.cc(73)] ReadMemory at 0x7ffe50390000 of 64 bytes failed: Only part of a ReadProcessMemory or WriteProcessMemory request was completed. (0x12B)
[0309/120201.756:WARNING:pe_image_reader.cc(340)] could not read dos header from C:\WINDOWS\SYSTEM32\CRYPTBASE.DLL
[0309/120201.794:ERROR:process_memory_win.cc(73)] ReadMemory at 0x7ff60d3c0000 of 64 bytes failed: Only part of a ReadProcessMemory or WriteProcessMemory request was completed. (0x12B)
[0309/120201.794:WARNING:pe_image_reader.cc(340)] could not read dos header from C:\Program Files (x86)\Google\Chrome\Application\chrome.exe
[0309/120201.794:ERROR:process_memory_win.cc(73)] ReadMemory at 0x7ffe53b20000 of 64 bytes failed: Only part of a ReadProcessMemory or WriteProcessMemory request was completed. (0x12B)
[0309/120201.794:WARNING:pe_image_reader.cc(340)] could not read dos header from C:\WINDOWS\SYSTEM32\ntdll.dll
[0309/120201.794:ERROR:process_memory_win.cc(73)] ReadMemory at 0x7ffe520c0000 of 64 bytes failed: Only part of a ReadProcessMemory or WriteProcessMemory request was completed. (0x12B)
[0309/120201.794:WARNING:pe_image_reader.cc(340)] could not read dos header from C:\WINDOWS\System32\KERNEL32.DLL
[0309/120201.794:ERROR:process_memory_win.cc(73)] ReadMemory at 0x7ffe50d80000 of 64 bytes failed: Only part of a ReadProcessMemory or WriteProcessMemory request was completed. (0x12B)
[0309/120201.794:WARNING:pe_image_reader.cc(340)] could not read dos header from C:\WINDOWS\System32\KERNELBASE.dll
[0309/120201.794:ERROR:process_memory_win.cc(73)] ReadMemory at 0x7ffdfc1e0000 of 64 bytes failed: Only part of a ReadProcessMemory or WriteProcessMemory request was completed. (0x12B)
[0309/120201.794:WARNING:pe_image_reader.cc(340)] could not read dos header from C:\Program Files (x86)\Google\Chrome\Application\80.0.3987.132\chrome_elf.dll
[0309/120201.794:ERROR:process_memory_win.cc(73)] ReadMemory at 0x7ffe4c140000 of 64 bytes failed: Only part of a ReadProcessMemory or WriteProcessMemory request was completed. (0x12B)
[0309/120201.794:WARNING:pe_image_reader.cc(340)] could not read dos header from C:\WINDOWS\SYSTEM32\VERSION.dll
[0309/120201.794:ERROR:process_memory_win.cc(73)] ReadMemory at 0x7ffe538c0000 of 64 bytes failed: Only part of a ReadProcessMemory or WriteProcessMemory request was completed. (0x12B)
[0309/120201.794:WARNING:pe_image_reader.cc(340)] could not read dos header from C:\WINDOWS\System32\msvcrt.dll
[0309/120201.794:ERROR:process_memory_win.cc(73)] ReadMemory at 0x7ffe50ad0000 of 64 bytes failed: Only part of a ReadProcessMemory or WriteProcessMemory request was completed. (0x12B)
[0309/120201.794:WARNING:pe_image_reader.cc(340)] could not read dos header from C:\WINDOWS\System32\bcryptPrimitives.dll
[0309/120201.794:ERROR:process_memory_win.cc(73)] ReadMemory at 0x7ffe53a30000 of 64 bytes failed: Only part of a ReadProcessMemory or WriteProcessMemory request was completed. (0x12B)
[0309/120201.794:WARNING:pe_image_reader.cc(340)] could not read dos header from C:\WINDOWS\System32\ADVAPI32.dll
[0309/120201.794:ERROR:process_memory_win.cc(73)] ReadMemory at 0x7ffe533b0000 of 64 bytes failed: Only part of a ReadProcessMemory or WriteProcessMemory request was completed. (0x12B)
[0309/120201.795:WARNING:pe_image_reader.cc(340)] could not read dos header from C:\WINDOWS\System32\sechost.dll
[0309/120201.795:ERROR:process_memory_win.cc(73)] ReadMemory at 0x7ffe53730000 of 64 bytes failed: Only part of a ReadProcessMemory or WriteProcessMemory request was completed. (0x12B)
[0309/120201.795:WARNING:pe_image_reader.cc(340)] could not read dos header from C:\WINDOWS\System32\RPCRT4.dll
[0309/120201.795:ERROR:process_memory_win.cc(73)] ReadMemory at 0x7ffddfd30000 of 64 bytes failed: Only part of a ReadProcessMemory or WriteProcessMemory request was completed. (0x12B)
[0309/120201.795:WARNING:pe_image_reader.cc(340)] could not read dos header from C:\Program Files (x86)\Google\Chrome\Application\80.0.3987.132\chrome.dll
[0309/120201.795:ERROR:process_memory_win.cc(73)] ReadMemory at 0x7ffe536c0000 of 64 bytes failed: Only part of a ReadProcessMemory or WriteProcessMemory request was completed. (0x12B)
[0309/120201.795:WARNING:pe_image_reader.cc(340)] could not read dos header from C:\WINDOWS\System32\WS2_32.dll
[0309/120201.795:ERROR:process_memory_win.cc(73)] ReadMemory at 0x7ffe53960000 of 64 bytes failed: Only part of a ReadProcessMemory or WriteProcessMemory request was completed. (0x12B)
[0309/120201.795:WARNING:pe_image_reader.cc(340)] could not read dos header from C:\WINDOWS\System32\OLEAUT32.dll
[0309/120201.795:ERROR:process_memory_win.cc(73)] ReadMemory at 0x7ffe51b00000 of 64 bytes failed: Only part of a ReadProcessMemory or WriteProcessMemory request was completed. (0x12B)
[0309/120201.795:WARNING:pe_image_reader.cc(340)] could not read dos header from C:\WINDOWS\System32\msvcp_win.dll
[0309/120201.795:ERROR:process_memory_win.cc(73)] ReadMemory at 0x7ffe511d0000 of 64 bytes failed: Only part of a ReadProcessMemory or WriteProcessMemory request was completed. (0x12B)
[0309/120201.795:WARNING:pe_image_reader.cc(340)] could not read dos header from C:\WINDOWS\System32\ucrtbase.dll
[0309/120201.795:ERROR:process_memory_win.cc(73)] ReadMemory at 0x7ffe52cd0000 of 64 bytes failed: Only part of a ReadProcessMemory or WriteProcessMemory request was completed. (0x12B)
[0309/120201.795:WARNING:pe_image_reader.cc(340)] could not read dos header from C:\WINDOWS\System32\combase.dll
[0309/120201.795:ERROR:process_memory_win.cc(73)] ReadMemory at 0x7ffe50b50000 of 64 bytes failed: Only part of a ReadProcessMemory or WriteProcessMemory request was completed. (0x12B)
[0309/120201.795:WARNING:pe_image_reader.cc(340)] could not read dos header from C:\WINDOWS\System32\WINTRUST.dll
[0309/120201.795:ERROR:process_memory_win.cc(73)] ReadMemory at 0x7ffe50a00000 of 64 bytes failed: Only part of a ReadProcessMemory or WriteProcessMemory request was completed. (0x12B)
[0309/120201.795:WARNING:pe_image_reader.cc(340)] could not read dos header from C:\WINDOWS\System32\MSASN1.dll
[0309/120201.795:ERROR:process_memory_win.cc(73)] ReadMemory at 0x7ffe50be0000 of 64 bytes failed: Only part of a ReadProcessMemory or WriteProcessMemory request was completed. (0x12B)
[0309/120201.795:WARNING:pe_image_reader.cc(340)] could not read dos header from C:\WINDOWS\System32\CRYPT32.dll
[0309/120201.795:ERROR:process_memory_win.cc(73)] ReadMemory at 0x7ffe4ff30000 of 64 bytes failed: Only part of a ReadProcessMemory or WriteProcessMemory request was completed. (0x12B)
[0309/120201.795:WARNING:pe_image_reader.cc(340)] could not read dos header from C:\WINDOWS\SYSTEM32\IPHLPAPI.DLL
[0309/120201.795:ERROR:process_memory_win.cc(73)] ReadMemory at 0x7ffe4ea00000 of 64 bytes failed: Only part of a ReadProcessMemory or WriteProcessMemory request was completed. (0x12B)
[0309/120201.795:WARNING:pe_image_reader.cc(340)] could not read dos header from C:\WINDOWS\SYSTEM32\WINMM.dll
[0309/120201.795:ERROR:process_memory_win.cc(73)] ReadMemory at 0x7ffe489e0000 of 64 bytes failed: Only part of a ReadProcessMemory or WriteProcessMemory request was completed. (0x12B)
[0309/120201.795:WARNING:pe_image_reader.cc(340)] could not read dos header from C:\WINDOWS\SYSTEM32\Secur32.dll
[0309/120201.795:ERROR:process_memory_win.cc(73)] ReadMemory at 0x7ffe50910000 of 64 bytes failed: Only part of a ReadProcessMemory or WriteProcessMemory request was completed. (0x12B)
[0309/120201.795:WARNING:pe_image_reader.cc(340)] could not read dos header from C:\WINDOWS\SYSTEM32\USERENV.dll
[0309/120201.795:ERROR:process_memory_win.cc(73)] ReadMemory at 0x7ffe50a90000 of 64 bytes failed: Only part of a ReadProcessMemory or WriteProcessMemory request was completed. (0x12B)
[0309/120201.795:WARNING:pe_image_reader.cc(340)] could not read dos header from C:\WINDOWS\System32\profapi.dll
[0309/120201.795:ERROR:process_memory_win.cc(73)] ReadMemory at 0x7ffe221c0000 of 64 bytes failed: Only part of a ReadProcessMemory or WriteProcessMemory request was completed. (0x12B)
[0309/120201.795:WARNING:pe_image_reader.cc(340)] could not read dos header from C:\WINDOWS\SYSTEM32\UIAutomationCore.DLL
[0309/120201.795:ERROR:process_memory_win.cc(73)] ReadMemory at 0x7ffe403e0000 of 64 bytes failed: Only part of a ReadProcessMemory or WriteProcessMemory request was completed. (0x12B)
[0309/120201.795:WARNING:pe_image_reader.cc(340)] could not read dos header from C:\WINDOWS\SYSTEM32\DWrite.dll
[0309/120201.795:ERROR:process_memory_win.cc(73)] ReadMemory at 0x7ffe41010000 of 64 bytes failed: Only part of a ReadProcessMemory or WriteProcessMemory request was completed. (0x12B)
[0309/120201.795:WARNING:pe_image_reader.cc(340)] could not read dos header from C:\WINDOWS\SYSTEM32\WINSPOOL.DRV
[0309/120201.795:ERROR:process_memory_win.cc(73)] ReadMemory at 0x7ffe50a20000 of 64 bytes failed: Only part of a ReadProcessMemory or WriteProcessMemory request was completed. (0x12B)
[0309/120201.796:WARNING:pe_image_reader.cc(340)] could not read dos header from C:\WINDOWS\System32\kernel.appcore.dll
[0309/120201.796:ERROR:process_memory_win.cc(73)] ReadMemory at 0x7ffe51ba0000 of 64 bytes failed: Only part of a ReadProcessMemory or WriteProcessMemory request was completed. (0x12B)
[0309/120201.796:WARNING:pe_image_reader.cc(340)] could not read dos header from C:\WINDOWS\System32\bcrypt.dll
[0309/120201.796:ERROR:process_memory_win.cc(73)] ReadMemory at 0x7ffe39890000 of 64 bytes failed: Only part of a ReadProcessMemory or WriteProcessMemory request was completed. (0x12B)
[0309/120201.796:WARNING:pe_image_reader.cc(340)] could not read dos header from C:\WINDOWS\SYSTEM32\dbghelp.dll
[0309/120201.796:ERROR:process_memory_win.cc(73)] ReadMemory at 0x7ffe415e0000 of 64 bytes failed: Only part of a ReadProcessMemory or WriteProcessMemory request was completed. (0x12B)
[0309/120201.796:WARNING:pe_image_reader.cc(340)] could not read dos header from C:\WINDOWS\SYSTEM32\WINHTTP.dll
[0309/120201.796:ERROR:process_memory_win.cc(73)] ReadMemory at 0x7ffe4b270000 of 64 bytes failed: Only part of a ReadProcessMemory or WriteProcessMemory request was completed. (0x12B)
[0309/120201.796:WARNING:pe_image_reader.cc(340)] could not read dos header from C:\WINDOWS\SYSTEM32\dhcpcsvc.DLL
[0309/120201.796:ERROR:process_memory_win.cc(73)] ReadMemory at 0x7ffe52510000 of 64 bytes failed: Only part of a ReadProcessMemory or WriteProcessMemory request was completed. (0x12B)
[0309/120201.796:WARNING:pe_image_reader.cc(340)] could not read dos header from C:\WINDOWS\System32\NSI.dll
[0309/120201.796:ERROR:process_memory_win.cc(73)] ReadMemory at 0x7ffe4e980000 of 64 bytes failed: Only part of a ReadProcessMemory or WriteProcessMemory request was completed. (0x12B)
[0309/120201.796:WARNING:pe_image_reader.cc(340)] could not read dos header from C:\WINDOWS\SYSTEM32\WINMMBASE.dll
[0309/120201.796:ERROR:process_memory_win.cc(73)] ReadMemory at 0x7ffe50d30000 of 64 bytes failed: Only part of a ReadProcessMemory or WriteProcessMemory request was completed. (0x12B)
[0309/120201.796:WARNING:pe_image_reader.cc(340)] could not read dos header from C:\WINDOWS\System32\cfgmgr32.dll
[0309/120201.796:ERROR:process_memory_win.cc(73)] ReadMemory at 0x7ffe4d370000 of 64 bytes failed: Only part of a ReadProcessMemory or WriteProcessMemory request was completed. (0x12B)
[0309/120201.796:WARNING:pe_image_reader.cc(340)] could not read dos header from C:\WINDOWS\SYSTEM32\PROPSYS.dll
[0309/120201.796:ERROR:process_memory_win.cc(73)] ReadMemory at 0x7ffe53300000 of 64 bytes failed: Only part of a ReadProcessMemory or WriteProcessMemory request was completed. (0x12B)
[0309/120201.796:WARNING:pe_image_reader.cc(340)] could not read dos header from C:\WINDOWS\System32\shcore.dll
[0309/120201.796:ERROR:process_memory_win.cc(73)] ReadMemory at 0x7ffe508e0000 of 64 bytes failed: Only part of a ReadProcessMemory or WriteProcessMemory request was completed. (0x12B)
[0309/120201.796:WARNING:pe_image_reader.cc(340)] could not read dos header from C:\WINDOWS\SYSTEM32\SSPICLI.DLL
[0309/120201.796:ERROR:process_memory_win.cc(73)] ReadMemory at 0x7ffe50390000 of 64 bytes failed: Only part of a ReadProcessMemory or WriteProcessMemory request was completed. (0x12B)
[0309/120201.796:WARNING:pe_image_reader.cc(340)] could not read dos header from C:\WINDOWS\SYSTEM32\CRYPTBASE.DLL
[0309/120201.796:ERROR:process_memory_win.cc(73)] ReadMemory at 0x7ff60d3c0000 of 64 bytes failed: Only part of a ReadProcessMemory or WriteProcessMemory request was completed. (0x12B)
[0309/120201.796:WARNING:pe_image_reader.cc(340)] could not read dos header from C:\Program Files (x86)\Google\Chrome\Application\chrome.exe
[0309/120201.796:ERROR:process_memory_win.cc(73)] ReadMemory at 0x7ffe53b20000 of 64 bytes failed: Only part of a ReadProcessMemory or WriteProcessMemory request was completed. (0x12B)
[0309/120201.796:WARNING:pe_image_reader.cc(340)] could not read dos header from C:\WINDOWS\SYSTEM32\ntdll.dll
[0309/120201.797:ERROR:process_memory_win.cc(73)] ReadMemory at 0x7ffe520c0000 of 64 bytes failed: Only part of a ReadProcessMemory or WriteProcessMemory request was completed. (0x12B)
[0309/120201.797:WARNING:pe_image_reader.cc(340)] could not read dos header from C:\WINDOWS\System32\KERNEL32.DLL
[0309/120201.797:ERROR:process_memory_win.cc(73)] ReadMemory at 0x7ffe50d80000 of 64 bytes failed: Only part of a ReadProcessMemory or WriteProcessMemory request was completed. (0x12B)
[0309/120201.797:WARNING:pe_image_reader.cc(340)] could not read dos header from C:\WINDOWS\System32\KERNELBASE.dll
[0309/120201.797:ERROR:process_memory_win.cc(73)] ReadMemory at 0x7ffdfc1e0000 of 64 bytes failed: Only part of a ReadProcessMemory or WriteProcessMemory request was completed. (0x12B)
[0309/120201.797:WARNING:pe_image_reader.cc(340)] could not read dos header from C:\Program Files (x86)\Google\Chrome\Application\80.0.3987.132\chrome_elf.dll
[0309/120201.797:ERROR:process_memory_win.cc(73)] ReadMemory at 0x7ffe4c140000 of 64 bytes failed: Only part of a ReadProcessMemory or WriteProcessMemory request was completed. (0x12B)
[0309/120201.797:WARNING:pe_image_reader.cc(340)] could not read dos header from C:\WINDOWS\SYSTEM32\VERSION.dll
[0309/120201.797:ERROR:process_memory_win.cc(73)] ReadMemory at 0x7ffe538c0000 of 64 bytes failed: Only part of a ReadProcessMemory or WriteProcessMemory request was completed. (0x12B)
[0309/120201.797:WARNING:pe_image_reader.cc(340)] could not read dos header from C:\WINDOWS\System32\msvcrt.dll
[0309/120201.797:ERROR:process_memory_win.cc(73)] ReadMemory at 0x7ffe50ad0000 of 64 bytes failed: Only part of a ReadProcessMemory or WriteProcessMemory request was completed. (0x12B)
[0309/120201.797:WARNING:pe_image_reader.cc(340)] could not read dos header from C:\WINDOWS\System32\bcryptPrimitives.dll
[0309/120201.797:ERROR:process_memory_win.cc(73)] ReadMemory at 0x7ffe53a30000 of 64 bytes failed: Only part of a ReadProcessMemory or WriteProcessMemory request was completed. (0x12B)
[0309/120201.797:WARNING:pe_image_reader.cc(340)] could not read dos header from C:\WINDOWS\System32\ADVAPI32.dll
[0309/120201.797:ERROR:process_memory_win.cc(73)] ReadMemory at 0x7ffe533b0000 of 64 bytes failed: Only part of a ReadProcessMemory or WriteProcessMemory request was completed. (0x12B)
[0309/120201.797:WARNING:pe_image_reader.cc(340)] could not read dos header from C:\WINDOWS\System32\sechost.dll
[0309/120201.797:ERROR:process_memory_win.cc(73)] ReadMemory at 0x7ffe53730000 of 64 bytes failed: Only part of a ReadProcessMemory or WriteProcessMemory request was completed. (0x12B)
[0309/120201.797:WARNING:pe_image_reader.cc(340)] could not read dos header from C:\WINDOWS\System32\RPCRT4.dll
[0309/120201.797:ERROR:process_memory_win.cc(73)] ReadMemory at 0x7ffddfd30000 of 64 bytes failed: Only part of a ReadProcessMemory or WriteProcessMemory request was completed. (0x12B)
[0309/120201.797:WARNING:pe_image_reader.cc(340)] could not read dos header from C:\Program Files (x86)\Google\Chrome\Application\80.0.3987.132\chrome.dll
[0309/120201.797:ERROR:process_memory_win.cc(73)] ReadMemory at 0x7ffe536c0000 of 64 bytes failed: Only part of a ReadProcessMemory or WriteProcessMemory request was completed. (0x12B)
[0309/120201.797:WARNING:pe_image_reader.cc(340)] could not read dos header from C:\WINDOWS\System32\WS2_32.dll
[0309/120201.797:ERROR:process_memory_win.cc(73)] ReadMemory at 0x7ffe53960000 of 64 bytes failed: Only part of a ReadProcessMemory or WriteProcessMemory request was completed. (0x12B)
[0309/120201.797:WARNING:pe_image_reader.cc(340)] could not read dos header from C:\WINDOWS\System32\OLEAUT32.dll
[0309/120201.797:ERROR:process_memory_win.cc(73)] ReadMemory at 0x7ffe51b00000 of 64 bytes failed: Only part of a ReadProcessMemory or WriteProcessMemory request was completed. (0x12B)
[0309/120201.797:WARNING:pe_image_reader.cc(340)] could not read dos header from C:\WINDOWS\System32\msvcp_win.dll
[0309/120201.797:ERROR:process_memory_win.cc(73)] ReadMemory at 0x7ffe511d0000 of 64 bytes failed: Only part of a ReadProcessMemory or WriteProcessMemory request was completed. (0x12B)
[0309/120201.797:WARNING:pe_image_reader.cc(340)] could not read dos header from C:\WINDOWS\System32\ucrtbase.dll
[0309/120201.797:ERROR:process_memory_win.cc(73)] ReadMemory at 0x7ffe52cd0000 of 64 bytes failed: Only part of a ReadProcessMemory or WriteProcessMemory request was completed. (0x12B)
[0309/120201.797:WARNING:pe_image_reader.cc(340)] could not read dos header from C:\WINDOWS\System32\combase.dll
[0309/120201.797:ERROR:process_memory_win.cc(73)] ReadMemory at 0x7ffe50b50000 of 64 bytes failed: Only part of a ReadProcessMemory or WriteProcessMemory request was completed. (0x12B)
[0309/120201.797:WARNING:pe_image_reader.cc(340)] could not read dos header from C:\WINDOWS\System32\WINTRUST.dll
[0309/120201.797:ERROR:process_memory_win.cc(73)] ReadMemory at 0x7ffe50a00000 of 64 bytes failed: Only part of a ReadProcessMemory or WriteProcessMemory request was completed. (0x12B)
[0309/120201.798:WARNING:pe_image_reader.cc(340)] could not read dos header from C:\WINDOWS\System32\MSASN1.dll
[0309/120201.798:ERROR:process_memory_win.cc(73)] ReadMemory at 0x7ffe50be0000 of 64 bytes failed: Only part of a ReadProcessMemory or WriteProcessMemory request was completed. (0x12B)
[0309/120201.798:WARNING:pe_image_reader.cc(340)] could not read dos header from C:\WINDOWS\System32\CRYPT32.dll
[0309/120201.798:ERROR:process_memory_win.cc(73)] ReadMemory at 0x7ffe4ff30000 of 64 bytes failed: Only part of a ReadProcessMemory or WriteProcessMemory request was completed. (0x12B)
[0309/120201.798:WARNING:pe_image_reader.cc(340)] could not read dos header from C:\WINDOWS\SYSTEM32\IPHLPAPI.DLL
[0309/120201.798:ERROR:process_memory_win.cc(73)] ReadMemory at 0x7ffe4ea00000 of 64 bytes failed: Only part of a ReadProcessMemory or WriteProcessMemory request was completed. (0x12B)
[0309/120201.798:WARNING:pe_image_reader.cc(340)] could not read dos header from C:\WINDOWS\SYSTEM32\WINMM.dll
[0309/120201.798:ERROR:process_memory_win.cc(73)] ReadMemory at 0x7ffe489e0000 of 64 bytes failed: Only part of a ReadProcessMemory or WriteProcessMemory request was completed. (0x12B)
[0309/120201.798:WARNING:pe_image_reader.cc(340)] could not read dos header from C:\WINDOWS\SYSTEM32\Secur32.dll
[0309/120201.798:ERROR:process_memory_win.cc(73)] ReadMemory at 0x7ffe50910000 of 64 bytes failed: Only part of a ReadProcessMemory or WriteProcessMemory request was completed. (0x12B)
[0309/120201.798:WARNING:pe_image_reader.cc(340)] could not read dos header from C:\WINDOWS\SYSTEM32\USERENV.dll
[0309/120201.798:ERROR:process_memory_win.cc(73)] ReadMemory at 0x7ffe50a90000 of 64 bytes failed: Only part of a ReadProcessMemory or WriteProcessMemory request was completed. (0x12B)
[0309/120201.798:WARNING:pe_image_reader.cc(340)] could not read dos header from C:\WINDOWS\System32\profapi.dll
[0309/120201.798:ERROR:process_memory_win.cc(73)] ReadMemory at 0x7ffe221c0000 of 64 bytes failed: Only part of a ReadProcessMemory or WriteProcessMemory request was completed. (0x12B)
[0309/120201.798:WARNING:pe_image_reader.cc(340)] could not read dos header from C:\WINDOWS\SYSTEM32\UIAutomationCore.DLL
[0309/120201.798:ERROR:process_memory_win.cc(73)] ReadMemory at 0x7ffe403e0000 of 64 bytes failed: Only part of a ReadProcessMemory or WriteProcessMemory request was completed. (0x12B)
[0309/120201.798:WARNING:pe_image_reader.cc(340)] could not read dos header from C:\WINDOWS\SYSTEM32\DWrite.dll
[0309/120201.798:ERROR:process_memory_win.cc(73)] ReadMemory at 0x7ffe41010000 of 64 bytes failed: Only part of a ReadProcessMemory or WriteProcessMemory request was completed. (0x12B)
[0309/120201.798:WARNING:pe_image_reader.cc(340)] could not read dos header from C:\WINDOWS\SYSTEM32\WINSPOOL.DRV
[0309/120201.798:ERROR:process_memory_win.cc(73)] ReadMemory at 0x7ffe50a20000 of 64 bytes failed: Only part of a ReadProcessMemory or WriteProcessMemory request was completed. (0x12B)
[0309/120201.798:WARNING:pe_image_reader.cc(340)] could not read dos header from C:\WINDOWS\System32\kernel.appcore.dll
[0309/120201.798:ERROR:process_memory_win.cc(73)] ReadMemory at 0x7ffe51ba0000 of 64 bytes failed: Only part of a ReadProcessMemory or WriteProcessMemory request was completed. (0x12B)
[0309/120201.798:WARNING:pe_image_reader.cc(340)] could not read dos header from C:\WINDOWS\System32\bcrypt.dll
[0309/120201.798:ERROR:process_memory_win.cc(73)] ReadMemory at 0x7ffe39890000 of 64 bytes failed: Only part of a ReadProcessMemory or WriteProcessMemory request was completed. (0x12B)
[0309/120201.798:WARNING:pe_image_reader.cc(340)] could not read dos header from C:\WINDOWS\SYSTEM32\dbghelp.dll
[0309/120201.798:ERROR:process_memory_win.cc(73)] ReadMemory at 0x7ffe415e0000 of 64 bytes failed: Only part of a ReadProcessMemory or WriteProcessMemory request was completed. (0x12B)
[0309/120201.798:WARNING:pe_image_reader.cc(340)] could not read dos header from C:\WINDOWS\SYSTEM32\WINHTTP.dll
[0309/120201.798:ERROR:process_memory_win.cc(73)] ReadMemory at 0x7ffe4b270000 of 64 bytes failed: Only part of a ReadProcessMemory or WriteProcessMemory request was completed. (0x12B)
[0309/120201.798:WARNING:pe_image_reader.cc(340)] could not read dos header from C:\WINDOWS\SYSTEM32\dhcpcsvc.DLL
[0309/120201.798:ERROR:process_memory_win.cc(73)] ReadMemory at 0x7ffe52510000 of 64 bytes failed: Only part of a ReadProcessMemory or WriteProcessMemory request was completed. (0x12B)
[0309/120201.798:WARNING:pe_image_reader.cc(340)] could not read dos header from C:\WINDOWS\System32\NSI.dll
[0309/120201.798:ERROR:process_memory_win.cc(73)] ReadMemory at 0x7ffe4e980000 of 64 bytes failed: Only part of a ReadProcessMemory or WriteProcessMemory request was completed. (0x12B)
[0309/120201.798:WARNING:pe_image_reader.cc(340)] could not read dos header from C:\WINDOWS\SYSTEM32\WINMMBASE.dll
[0309/120201.798:ERROR:process_memory_win.cc(73)] ReadMemory at 0x7ffe50d30000 of 64 bytes failed: Only part of a ReadProcessMemory or WriteProcessMemory request was completed. (0x12B)
[0309/120201.798:WARNING:pe_image_reader.cc(340)] could not read dos header from C:\WINDOWS\System32\cfgmgr32.dll
[0309/120201.798:ERROR:process_memory_win.cc(73)] ReadMemory at 0x7ffe4d370000 of 64 bytes failed: Only part of a ReadProcessMemory or WriteProcessMemory request was completed. (0x12B)
[0309/120201.798:WARNING:pe_image_reader.cc(340)] could not read dos header from C:\WINDOWS\SYSTEM32\PROPSYS.dll
[0309/120201.799:ERROR:process_memory_win.cc(73)] ReadMemory at 0x7ffe53300000 of 64 bytes failed: Only part of a ReadProcessMemory or WriteProcessMemory request was completed. (0x12B)
[0309/120201.799:WARNING:pe_image_reader.cc(340)] could not read dos header from C:\WINDOWS\System32\shcore.dll
[0309/120201.799:ERROR:process_memory_win.cc(73)] ReadMemory at 0x7ffe508e0000 of 64 bytes failed: Only part of a ReadProcessMemory or WriteProcessMemory request was completed. (0x12B)
[0309/120201.799:WARNING:pe_image_reader.cc(340)] could not read dos header from C:\WINDOWS\SYSTEM32\SSPICLI.DLL
[0309/120201.799:ERROR:process_memory_win.cc(73)] ReadMemory at 0x7ffe50390000 of 64 bytes failed: Only part of a ReadProcessMemory or WriteProcessMemory request was completed. (0x12B)
[0309/120201.799:WARNING:pe_image_reader.cc(340)] could not read dos header from C:\WINDOWS\SYSTEM32\CRYPTBASE.DLL
[0309/120201.805:ERROR:process_memory_win.cc(73)] ReadMemory at 0x74471f9000 of 28672 bytes failed: Only part of a ReadProcessMemory or WriteProcessMemory request was completed. (0x12B)
[0309/120201.805:ERROR:process_memory_win.cc(73)] ReadMemory at 0x74479fd000 of 12288 bytes failed: Only part of a ReadProcessMemory or WriteProcessMemory request was completed. (0x12B)
[0309/120201.805:ERROR:process_memory_win.cc(73)] ReadMemory at 0x74481fd000 of 12288 bytes failed: Only part of a ReadProcessMemory or WriteProcessMemory request was completed. (0x12B)
[0309/120201.805:ERROR:process_memory_win.cc(73)] ReadMemory at 0x74489fd000 of 12288 bytes failed: Only part of a ReadProcessMemory or WriteProcessMemory request was completed. (0x12B)
[0309/120201.805:ERROR:process_memory_win.cc(73)] ReadMemory at 0x74491fc000 of 16384 bytes failed: Only part of a ReadProcessMemory or WriteProcessMemory request was completed. (0x12B)
[0309/120201.805:ERROR:process_memory_win.cc(73)] ReadMemory at 0x74499fe000 of 8192 bytes failed: Only part of a ReadProcessMemory or WriteProcessMemory request was completed. (0x12B)
[0309/120201.805:ERROR:process_memory_win.cc(73)] ReadMemory at 0x744a1fd000 of 12288 bytes failed: Only part of a ReadProcessMemory or WriteProcessMemory request was completed. (0x12B)
[0309/120201.805:ERROR:process_memory_win.cc(73)] ReadMemory at 0x744a9fd000 of 12288 bytes failed: Only part of a ReadProcessMemory or WriteProcessMemory request was completed. (0x12B)
[0309/120201.806:ERROR:process_memory_win.cc(73)] ReadMemory at 0x744b1fd000 of 12288 bytes failed: Only part of a ReadProcessMemory or WriteProcessMemory request was completed. (0x12B)
[0309/120201.806:ERROR:process_memory_win.cc(73)] ReadMemory at 0x744b9fd000 of 12288 bytes failed: Only part of a ReadProcessMemory or WriteProcessMemory request was completed. (0x12B)
[0309/120201.806:ERROR:process_memory_win.cc(73)] ReadMemory at 0x744c1fd000 of 12288 bytes failed: Only part of a ReadProcessMemory or WriteProcessMemory request was completed. (0x12B)
[0309/120201.806:ERROR:process_memory_win.cc(73)] ReadMemory at 0x744c9fd000 of 12288 bytes failed: Only part of a ReadProcessMemory or WriteProcessMemory request was completed. (0x12B)
[0309/120201.806:ERROR:process_memory_win.cc(73)] ReadMemory at 0x744d1fd000 of 12288 bytes failed: Only part of a ReadProcessMemory or WriteProcessMemory request was completed. (0x12B)
[0309/120201.806:ERROR:process_memory_win.cc(73)] ReadMemory at 0x744d9fd000 of 12288 bytes failed: Only part of a ReadProcessMemory or WriteProcessMemory request was completed. (0x12B)
[0309/120201.806:ERROR:process_memory_win.cc(73)] ReadMemory at 0x744e1fd000 of 12288 bytes failed: Only part of a ReadProcessMemory or WriteProcessMemory request was completed. (0x12B)
[0309/120201.806:ERROR:process_memory_win.cc(73)] ReadMemory at 0x7446993000 of 852 bytes failed: Only part of a ReadProcessMemory or WriteProcessMemory request was completed. (0x12B)
[0309/120201.806:ERROR:process_memory_win.cc(73)] ReadMemory at 0x7446994000 of 6024 bytes failed: Only part of a ReadProcessMemory or WriteProcessMemory request was completed. (0x12B)
[0309/120201.806:ERROR:process_memory_win.cc(73)] ReadMemory at 0x7446996000 of 6024 bytes failed: Only part of a ReadProcessMemory or WriteProcessMemory request was completed. (0x12B)
[0309/120201.806:ERROR:process_memory_win.cc(73)] ReadMemory at 0x7446998000 of 6024 bytes failed: Only part of a ReadProcessMemory or WriteProcessMemory request was completed. (0x12B)
[0309/120201.806:ERROR:process_memory_win.cc(73)] ReadMemory at 0x744699a000 of 6024 bytes failed: Only part of a ReadProcessMemory or WriteProcessMemory request was completed. (0x12B)
[0309/120201.806:ERROR:process_memory_win.cc(73)] ReadMemory at 0x744699c000 of 6024 bytes failed: Only part of a ReadProcessMemory or WriteProcessMemory request was completed. (0x12B)
[0309/120201.806:ERROR:process_memory_win.cc(73)] ReadMemory at 0x744699e000 of 6024 bytes failed: Only part of a ReadProcessMemory or WriteProcessMemory request was completed. (0x12B)
[0309/120201.806:ERROR:process_memory_win.cc(73)] ReadMemory at 0x74469a0000 of 6024 bytes failed: Only part of a ReadProcessMemory or WriteProcessMemory request was completed. (0x12B)
[0309/120201.806:ERROR:process_memory_win.cc(73)] ReadMemory at 0x74469a2000 of 6024 bytes failed: Only part of a ReadProcessMemory or WriteProcessMemory request was completed. (0x12B)
[0309/120201.806:ERROR:process_memory_win.cc(73)] ReadMemory at 0x74469a4000 of 6024 bytes failed: Only part of a ReadProcessMemory or WriteProcessMemory request was completed. (0x12B)
[0309/120201.806:ERROR:process_memory_win.cc(73)] ReadMemory at 0x74469a6000 of 6024 bytes failed: Only part of a ReadProcessMemory or WriteProcessMemory request was completed. (0x12B)
[0309/120201.806:ERROR:process_memory_win.cc(73)] ReadMemory at 0x74469a8000 of 6024 bytes failed: Only part of a ReadProcessMemory or WriteProcessMemory request was completed. (0x12B)
[0309/120201.807:ERROR:process_memory_win.cc(73)] ReadMemory at 0x74469aa000 of 6024 bytes failed: Only part of a ReadProcessMemory or WriteProcessMemory request was completed. (0x12B)
[0309/120201.807:ERROR:process_memory_win.cc(73)] ReadMemory at 0x74469ac000 of 6024 bytes failed: Only part of a ReadProcessMemory or WriteProcessMemory request was completed. (0x12B)
[0309/120201.807:ERROR:process_memory_win.cc(73)] ReadMemory at 0x74469ae000 of 6024 bytes failed: Only part of a ReadProcessMemory or WriteProcessMemory request was completed. (0x12B)
[0309/120201.807:ERROR:process_memory_win.cc(73)] ReadMemory at 0x74469b0000 of 6024 bytes failed: Only part of a ReadProcessMemory or WriteProcessMemory request was completed. (0x12B)
[0309/120201.807:ERROR:process_memory_win.cc(73)] ReadMemory at 0x216cc480750 of 80 bytes failed: Only part of a ReadProcessMemory or WriteProcessMemory request was completed. (0x12B)
[0309/120201.807:ERROR:process_memory_win.cc(73)] ReadMemory at 0x216cc480fe0 of 17414 bytes failed: Only part of a ReadProcessMemory or WriteProcessMemory request was completed. (0x12B)
[0309/120201.807:ERROR:process_memory_win.cc(73)] ReadMemory at 0x216cc4853f0 of 1012 bytes failed: Only part of a ReadProcessMemory or WriteProcessMemory request was completed. (0x12B)
[0309/120201.807:ERROR:process_memory_win.cc(73)] ReadMemory at 0x216cc485a38 of 118 bytes failed: Only part of a ReadProcessMemory or WriteProcessMemory request was completed. (0x12B)
[0309/120201.807:ERROR:process_memory_win.cc(73)] ReadMemory at 0x216cc485ab0 of 754 bytes failed: Only part of a ReadProcessMemory or WriteProcessMemory request was completed. (0x12B)
[0309/120201.807:ERROR:process_memory_win.cc(73)] ReadMemory at 0x216cc485da4 of 118 bytes failed: Only part of a ReadProcessMemory or WriteProcessMemory request was completed. (0x12B)
[0309/120201.807:ERROR:process_memory_win.cc(73)] ReadMemory at 0x216cc485e1c of 94 bytes failed: Only part of a ReadProcessMemory or WriteProcessMemory request was completed. (0x12B)
[0309/120201.807:ERROR:process_memory_win.cc(73)] ReadMemory at 0x216cc485e90 of 58 bytes failed: Only part of a ReadProcessMemory or WriteProcessMemory request was completed. (0x12B)
[0309/120201.807:ERROR:process_memory_win.cc(73)] ReadMemory at 0x216cc485f90 of 132 bytes failed: Only part of a ReadProcessMemory or WriteProcessMemory request was completed. (0x12B)
[0309/120201.807:ERROR:process_memory_win.cc(73)] ReadMemory at 0x216cc486120 of 132 bytes failed: Only part of a ReadProcessMemory or WriteProcessMemory request was completed. (0x12B)
[0309/120201.807:ERROR:process_memory_win.cc(73)] ReadMemory at 0x216cc4862e0 of 126 bytes failed: Only part of a ReadProcessMemory or WriteProcessMemory request was completed. (0x12B)
[0309/120201.807:ERROR:process_memory_win.cc(73)] ReadMemory at 0x216cc4866c0 of 132 bytes failed: Only part of a ReadProcessMemory or WriteProcessMemory request was completed. (0x12B)
[0309/120201.807:ERROR:process_memory_win.cc(73)] ReadMemory at 0x216cc486850 of 64 bytes failed: Only part of a ReadProcessMemory or WriteProcessMemory request was completed. (0x12B)
[0309/120201.807:ERROR:process_memory_win.cc(73)] ReadMemory at 0x216cc4868a0 of 132 bytes failed: Only part of a ReadProcessMemory or WriteProcessMemory request was completed. (0x12B)
[0309/120201.807:ERROR:process_memory_win.cc(73)] ReadMemory at 0x216cc486cb0 of 132 bytes failed: Only part of a ReadProcessMemory or WriteProcessMemory request was completed. (0x12B)
[0309/120201.808:ERROR:process_memory_win.cc(73)] ReadMemory at 0x216cc486e40 of 68 bytes failed: Only part of a ReadProcessMemory or WriteProcessMemory request was completed. (0x12B)
[0309/120201.808:ERROR:process_memory_win.cc(73)] ReadMemory at 0x216cc487fd0 of 132 bytes failed: Only part of a ReadProcessMemory or WriteProcessMemory request was completed. (0x12B)
[0309/120201.808:ERROR:process_memory_win.cc(73)] ReadMemory at 0x216cc488100 of 154 bytes failed: Only part of a ReadProcessMemory or WriteProcessMemory request was completed. (0x12B)
[0309/120201.808:ERROR:process_memory_win.cc(73)] ReadMemory at 0x216cc488de0 of 60 bytes failed: Only part of a ReadProcessMemory or WriteProcessMemory request was completed. (0x12B)
[0309/120201.808:ERROR:process_memory_win.cc(73)] ReadMemory at 0x216cc489ce0 of 62 bytes failed: Only part of a ReadProcessMemory or WriteProcessMemory request was completed. (0x12B)
[0309/120201.808:ERROR:process_memory_win.cc(73)] ReadMemory at 0x216cc489d30 of 146 bytes failed: Only part of a ReadProcessMemory or WriteProcessMemory request was completed. (0x12B)
[0309/120201.808:ERROR:process_memory_win.cc(73)] ReadMemory at 0x216cc489e10 of 132 bytes failed: Only part of a ReadProcessMemory or WriteProcessMemory request was completed. (0x12B)
[0309/120201.808:ERROR:process_memory_win.cc(73)] ReadMemory at 0x216cc48acd0 of 132 bytes failed: Only part of a ReadProcessMemory or WriteProcessMemory request was completed. (0x12B)
[0309/120201.808:ERROR:process_memory_win.cc(73)] ReadMemory at 0x216cc48dd10 of 62 bytes failed: Only part of a ReadProcessMemory or WriteProcessMemory request was completed. (0x12B)
[0309/120201.808:ERROR:process_memory_win.cc(73)] ReadMemory at 0x216cc48de00 of 64 bytes failed: Only part of a ReadProcessMemory or WriteProcessMemory request was completed. (0x12B)
[0309/120201.808:ERROR:process_memory_win.cc(73)] ReadMemory at 0x216cc48de50 of 60 bytes failed: Only part of a ReadProcessMemory or WriteProcessMemory request was completed. (0x12B)
[0309/120201.808:ERROR:process_memory_win.cc(73)] ReadMemory at 0x216cc48def0 of 64 bytes failed: Only part of a ReadProcessMemory or WriteProcessMemory request was completed. (0x12B)
[0309/120201.808:ERROR:process_memory_win.cc(73)] ReadMemory at 0x216cc48df90 of 62 bytes failed: Only part of a ReadProcessMemory or WriteProcessMemory request was completed. (0x12B)
[0309/120201.808:ERROR:process_memory_win.cc(73)] ReadMemory at 0x216cc48e030 of 64 bytes failed: Only part of a ReadProcessMemory or WriteProcessMemory request was completed. (0x12B)
[0309/120201.808:ERROR:process_memory_win.cc(73)] ReadMemory at 0x216cc48e210 of 60 bytes failed: Only part of a ReadProcessMemory or WriteProcessMemory request was completed. (0x12B)
[0309/120201.808:ERROR:process_memory_win.cc(73)] ReadMemory at 0x216cc48e260 of 64 bytes failed: Only part of a ReadProcessMemory or WriteProcessMemory request was completed. (0x12B)
[0309/120201.808:ERROR:process_memory_win.cc(73)] ReadMemory at 0x216cc48e2b0 of 66 bytes failed: Only part of a ReadProcessMemory or WriteProcessMemory request was completed. (0x12B)
[0309/120201.808:ERROR:process_memory_win.cc(73)] ReadMemory at 0x216cc48e3e0 of 132 bytes failed: Only part of a ReadProcessMemory or WriteProcessMemory request was completed. (0x12B)
[0309/120201.808:ERROR:process_memory_win.cc(73)] ReadMemory at 0x216cc48e510 of 132 bytes failed: Only part of a ReadProcessMemory or WriteProcessMemory request was completed. (0x12B)
[0309/120201.808:ERROR:process_memory_win.cc(73)] ReadMemory at 0x216cc48e640 of 132 bytes failed: Only part of a ReadProcessMemory or WriteProcessMemory request was completed. (0x12B)
[0309/120201.808:ERROR:process_memory_win.cc(73)] ReadMemory at 0x216cc48e770 of 132 bytes failed: Only part of a ReadProcessMemory or WriteProcessMemory request was completed. (0x12B)
[0309/120201.808:ERROR:process_memory_win.cc(73)] ReadMemory at 0x216cc48e8a0 of 132 bytes failed: Only part of a ReadProcessMemory or WriteProcessMemory request was completed. (0x12B)
[0309/120201.809:ERROR:process_memory_win.cc(73)] ReadMemory at 0x216cc48e9d0 of 132 bytes failed: Only part of a ReadProcessMemory or WriteProcessMemory request was completed. (0x12B)
[0309/120201.809:ERROR:process_memory_win.cc(73)] ReadMemory at 0x216cc48eb00 of 132 bytes failed: Only part of a ReadProcessMemory or WriteProcessMemory request was completed. (0x12B)
[0309/120201.809:ERROR:process_memory_win.cc(73)] ReadMemory at 0x216cc48ec30 of 132 bytes failed: Only part of a ReadProcessMemory or WriteProcessMemory request was completed. (0x12B)
[0309/120201.809:ERROR:process_memory_win.cc(73)] ReadMemory at 0x216cc48ed60 of 132 bytes failed: Only part of a ReadProcessMemory or WriteProcessMemory request was completed. (0x12B)
[0309/120201.809:ERROR:process_memory_win.cc(73)] ReadMemory at 0x216cc48ee90 of 132 bytes failed: Only part of a ReadProcessMemory or WriteProcessMemory request was completed. (0x12B)
[0309/120201.809:ERROR:process_memory_win.cc(73)] ReadMemory at 0x216cc48efc0 of 132 bytes failed: Only part of a ReadProcessMemory or WriteProcessMemory request was completed. (0x12B)
[0309/120201.809:ERROR:process_memory_win.cc(73)] ReadMemory at 0x216cc48f220 of 132 bytes failed: Only part of a ReadProcessMemory or WriteProcessMemory request was completed. (0x12B)
[0309/120201.809:ERROR:process_memory_win.cc(73)] ReadMemory at 0x216cc492aa0 of 54 bytes failed: Only part of a ReadProcessMemory or WriteProcessMemory request was completed. (0x12B)
[0309/120201.809:ERROR:process_memory_win.cc(73)] ReadMemory at 0x216cc4936e0 of 132 bytes failed: Only part of a ReadProcessMemory or WriteProcessMemory request was completed. (0x12B)
[0309/120201.809:ERROR:process_memory_win.cc(73)] ReadMemory at 0x216cc493970 of 132 bytes failed: Only part of a ReadProcessMemory or WriteProcessMemory request was completed. (0x12B)
[0309/120201.809:ERROR:process_memory_win.cc(73)] ReadMemory at 0x216cc493eb0 of 132 bytes failed: Only part of a ReadProcessMemory or WriteProcessMemory request was completed. (0x12B)
[0309/120201.809:ERROR:process_memory_win.cc(73)] ReadMemory at 0x216cc495d00 of 80 bytes failed: Only part of a ReadProcessMemory or WriteProcessMemory request was completed. (0x12B)
[0309/120201.809:ERROR:process_memory_win.cc(73)] ReadMemory at 0x216cc495dc0 of 76 bytes failed: Only part of a ReadProcessMemory or WriteProcessMemory request was completed. (0x12B)
[0309/120201.809:ERROR:process_memory_win.cc(73)] ReadMemory at 0x216cc496760 of 64 bytes failed: Only part of a ReadProcessMemory or WriteProcessMemory request was completed. (0x12B)
[0309/120201.809:ERROR:process_memory_win.cc(73)] ReadMemory at 0x216cc496850 of 62 bytes failed: Only part of a ReadProcessMemory or WriteProcessMemory request was completed. (0x12B)
[0309/120201.809:ERROR:process_memory_win.cc(73)] ReadMemory at 0x216cc4968a0 of 62 bytes failed: Only part of a ReadProcessMemory or WriteProcessMemory request was completed. (0x12B)
[0309/120201.809:ERROR:process_memory_win.cc(73)] ReadMemory at 0x216cc496a30 of 64 bytes failed: Only part of a ReadProcessMemory or WriteProcessMemory request was completed. (0x12B)
[0309/120201.809:ERROR:process_memory_win.cc(73)] ReadMemory at 0x216cc496a80 of 62 bytes failed: Only part of a ReadProcessMemory or WriteProcessMemory request was completed. (0x12B)
[0309/120201.809:ERROR:process_memory_win.cc(73)] ReadMemory at 0x216cc496b20 of 60 bytes failed: Only part of a ReadProcessMemory or WriteProcessMemory request was completed. (0x12B)
[0309/120201.809:ERROR:process_memory_win.cc(73)] ReadMemory at 0x216cc496bc0 of 62 bytes failed: Only part of a ReadProcessMemory or WriteProcessMemory request was completed. (0x12B)
[0309/120201.810:ERROR:process_memory_win.cc(73)] ReadMemory at 0x216cc496cb0 of 64 bytes failed: Only part of a ReadProcessMemory or WriteProcessMemory request was completed. (0x12B)
[0309/120201.810:ERROR:process_memory_win.cc(73)] ReadMemory at 0x216cc496da0 of 62 bytes failed: Only part of a ReadProcessMemory or WriteProcessMemory request was completed. (0x12B)
[0309/120201.810:ERROR:process_memory_win.cc(73)] ReadMemory at 0x216cc496e40 of 58 bytes failed: Only part of a ReadProcessMemory or WriteProcessMemory request was completed. (0x12B)
[0309/120201.810:ERROR:process_memory_win.cc(73)] ReadMemory at 0x216cc496e90 of 60 bytes failed: Only part of a ReadProcessMemory or WriteProcessMemory request was completed. (0x12B)
[0309/120201.810:ERROR:process_memory_win.cc(73)] ReadMemory at 0x216cc496ee0 of 66 bytes failed: Only part of a ReadProcessMemory or WriteProcessMemory request was completed. (0x12B)
[0309/120201.810:ERROR:process_memory_win.cc(73)] ReadMemory at 0x216cc496f30 of 60 bytes failed: Only part of a ReadProcessMemory or WriteProcessMemory request was completed. (0x12B)
[0309/120201.810:ERROR:process_memory_win.cc(73)] ReadMemory at 0x216cc4972a0 of 60 bytes failed: Only part of a ReadProcessMemory or WriteProcessMemory request was completed. (0x12B)
[0309/120201.810:ERROR:process_memory_win.cc(73)] ReadMemory at 0x216cc497340 of 62 bytes failed: Only part of a ReadProcessMemory or WriteProcessMemory request was completed. (0x12B)
[0309/120201.810:ERROR:process_memory_win.cc(73)] ReadMemory at 0x216cc4973e0 of 62 bytes failed: Only part of a ReadProcessMemory or WriteProcessMemory request was completed. (0x12B)
[0309/120201.810:ERROR:process_memory_win.cc(73)] ReadMemory at 0x216cc497430 of 64 bytes failed: Only part of a ReadProcessMemory or WriteProcessMemory request was completed. (0x12B)
[0309/120201.810:ERROR:process_memory_win.cc(73)] ReadMemory at 0x216cc497570 of 62 bytes failed: Only part of a ReadProcessMemory or WriteProcessMemory request was completed. (0x12B)
[0309/120201.810:ERROR:process_memory_win.cc(73)] ReadMemory at 0x216cc497a80 of 512 bytes failed: Only part of a ReadProcessMemory or WriteProcessMemory request was completed. (0x12B)
[0309/120201.810:ERROR:process_memory_win.cc(73)] ReadMemory at 0x216cc497de0 of 132 bytes failed: Only part of a ReadProcessMemory or WriteProcessMemory request was completed. (0x12B)
[0309/120201.810:ERROR:process_memory_win.cc(73)] ReadMemory at 0x216cc498000 of 132 bytes failed: Only part of a ReadProcessMemory or WriteProcessMemory request was completed. (0x12B)
[0309/120201.810:ERROR:process_memory_win.cc(73)] ReadMemory at 0x216cc498360 of 132 bytes failed: Only part of a ReadProcessMemory or WriteProcessMemory request was completed. (0x12B)
[0309/120201.810:ERROR:process_memory_win.cc(73)] ReadMemory at 0x216cc498490 of 132 bytes failed: Only part of a ReadProcessMemory or WriteProcessMemory request was completed. (0x12B)
[0309/120201.810:ERROR:process_memory_win.cc(73)] ReadMemory at 0x216cc498e00 of 132 bytes failed: Only part of a ReadProcessMemory or WriteProcessMemory request was completed. (0x12B)
[0309/120201.810:ERROR:process_memory_win.cc(73)] ReadMemory at 0x216cc49ae90 of 132 bytes failed: Only part of a ReadProcessMemory or WriteProcessMemory request was completed. (0x12B)
[0309/120201.810:ERROR:process_memory_win.cc(73)] ReadMemory at 0x216cc49b150 of 132 bytes failed: Only part of a ReadProcessMemory or WriteProcessMemory request was completed. (0x12B)
[0309/120201.810:ERROR:process_memory_win.cc(73)] ReadMemory at 0x216cc49b280 of 132 bytes failed: Only part of a ReadProcessMemory or WriteProcessMemory request was completed. (0x12B)
[0309/120201.810:ERROR:process_memory_win.cc(73)] ReadMemory at 0x216cc49b610 of 132 bytes failed: Only part of a ReadProcessMemory or WriteProcessMemory request was completed. (0x12B)
[0309/120201.811:ERROR:process_memory_win.cc(73)] ReadMemory at 0x216cc49b9a0 of 132 bytes failed: Only part of a ReadProcessMemory or WriteProcessMemory request was completed. (0x12B)
[0309/120201.811:ERROR:process_memory_win.cc(73)] ReadMemory at 0x216cc49bf90 of 132 bytes failed: Only part of a ReadProcessMemory or WriteProcessMemory request was completed. (0x12B)
[0309/120201.811:ERROR:process_memory_win.cc(73)] ReadMemory at 0x216cc49c0c0 of 132 bytes failed: Only part of a ReadProcessMemory or WriteProcessMemory request was completed. (0x12B)
[0309/120201.811:ERROR:process_memory_win.cc(73)] ReadMemory at 0x216cc49c320 of 132 bytes failed: Only part of a ReadProcessMemory or WriteProcessMemory request was completed. (0x12B)
[0309/120201.811:ERROR:process_memory_win.cc(73)] ReadMemory at 0x216cc49c450 of 132 bytes failed: Only part of a ReadProcessMemory or WriteProcessMemory request was completed. (0x12B)
[0309/120201.811:ERROR:process_memory_win.cc(73)] ReadMemory at 0x216cc49c6b0 of 132 bytes failed: Only part of a ReadProcessMemory or WriteProcessMemory request was completed. (0x12B)
[0309/120201.811:ERROR:process_memory_win.cc(73)] ReadMemory at 0x216cc49c910 of 132 bytes failed: Only part of a ReadProcessMemory or WriteProcessMemory request was completed. (0x12B)
[0309/120201.811:ERROR:process_memory_win.cc(73)] ReadMemory at 0x216cc4b35a0 of 512 bytes failed: Only part of a ReadProcessMemory or WriteProcessMemory request was completed. (0x12B)
[0309/120201.811:ERROR:process_memory_win.cc(73)] ReadMemory at 0x216cc7a0dc0 of 512 bytes failed: Only part of a ReadProcessMemory or WriteProcessMemory request was completed. (0x12B)
[0309/120201.811:ERROR:process_memory_win.cc(73)] ReadMemory at 0x216cc7a19c0 of 512 bytes failed: Only part of a ReadProcessMemory or WriteProcessMemory request was completed. (0x12B)
[0309/120201.811:ERROR:process_memory_win.cc(73)] ReadMemory at 0x216cc824e70 of 512 bytes failed: Only part of a ReadProcessMemory or WriteProcessMemory request was completed. (0x12B)
[0309/120201.811:ERROR:process_memory_win.cc(73)] ReadMemory at 0x216cc8253b0 of 512 bytes failed: Only part of a ReadProcessMemory or WriteProcessMemory request was completed. (0x12B)
[0309/120201.811:ERROR:process_memory_win.cc(73)] ReadMemory at 0x216cc82f890 of 512 bytes failed: Only part of a ReadProcessMemory or WriteProcessMemory request was completed. (0x12B)
[0309/120201.811:ERROR:process_memory_win.cc(73)] ReadMemory at 0x216cc84f550 of 712 bytes failed: Only part of a ReadProcessMemory or WriteProcessMemory request was completed. (0x12B)
[0309/120201.811:ERROR:process_memory_win.cc(73)] ReadMemory at 0x216cc859cd8 of 944 bytes failed: Only part of a ReadProcessMemory or WriteProcessMemory request was completed. (0x12B)
[0309/120201.811:ERROR:process_memory_win.cc(73)] ReadMemory at 0x216cc85ac08 of 512 bytes failed: Only part of a ReadProcessMemory or WriteProcessMemory request was completed. (0x12B)
[0309/120201.811:ERROR:process_memory_win.cc(73)] ReadMemory at 0x216cc85b358 of 512 bytes failed: Only part of a ReadProcessMemory or WriteProcessMemory request was completed. (0x12B)
[0309/120201.811:ERROR:process_memory_win.cc(73)] ReadMemory at 0x216cc868b10 of 512 bytes failed: Only part of a ReadProcessMemory or WriteProcessMemory request was completed. (0x12B)
[0309/120201.811:ERROR:process_memory_win.cc(73)] ReadMemory at 0x216ce812370 of 512 bytes failed: Only part of a ReadProcessMemory or WriteProcessMemory request was completed. (0x12B)
[0309/120201.812:ERROR:process_memory_win.cc(73)] ReadMemory at 0x216ce822f50 of 512 bytes failed: Only part of a ReadProcessMemory or WriteProcessMemory request was completed. (0x12B)
[0309/120201.812:ERROR:process_memory_win.cc(73)] ReadMemory at 0x216ce83f8f0 of 512 bytes failed: Only part of a ReadProcessMemory or WriteProcessMemory request was completed. (0x12B)
[0309/120201.812:ERROR:process_memory_win.cc(73)] ReadMemory at 0x216ce93e5d0 of 1008 bytes failed: Only part of a ReadProcessMemory or WriteProcessMemory request was completed. (0x12B)
[0309/120201.812:ERROR:process_memory_win.cc(73)] ReadMemory at 0x216ce982b50 of 512 bytes failed: Only part of a ReadProcessMemory or WriteProcessMemory request was completed. (0x12B)
[0309/120201.812:ERROR:process_memory_win.cc(73)] ReadMemory at 0x216cebd0d98 of 512 bytes failed: Only part of a ReadProcessMemory or WriteProcessMemory request was completed. (0x12B)
[0309/120201.812:ERROR:process_memory_win.cc(73)] ReadMemory at 0x7ffde22e026c of 512 bytes failed: Only part of a ReadProcessMemory or WriteProcessMemory request was completed. (0x12B)
[0309/120201.812:ERROR:process_memory_win.cc(73)] ReadMemory at 0x7ffde298e6be of 553 bytes failed: Only part of a ReadProcessMemory or WriteProcessMemory request was completed. (0x12B)
[0309/120201.812:ERROR:process_memory_win.cc(73)] ReadMemory at 0x7ffe50feb6d0 of 512 bytes failed: Only part of a ReadProcessMemory or WriteProcessMemory request was completed. (0x12B)
[0309/120201.812:ERROR:process_memory_win.cc(73)] ReadMemory at 0x7ffe53bbc0c4 of 672 bytes failed: Only part of a ReadProcessMemory or WriteProcessMemory request was completed. (0x12B)
[0309/120201.812:ERROR:process_memory_win.cc(73)] ReadMemory at 0x7ffe53bbc6c4 of 512 bytes failed: Only part of a ReadProcessMemory or WriteProcessMemory request was completed. (0x12B)
[0309/120201.812:ERROR:process_memory_win.cc(73)] ReadMemory at 0x7ffe53bbf974 of 608 bytes failed: Only part of a ReadProcessMemory or WriteProcessMemory request was completed. (0x12B)
[0309/120201.812:ERROR:process_memory_win.cc(73)] ReadMemory at 0x7ffe53c4c428 of 18 bytes failed: Only part of a ReadProcessMemory or WriteProcessMemory request was completed. (0x12B)
[0309/120201.812:ERROR:process_memory_win.cc(73)] ReadMemory at 0x7ffe53c7f4f8 of 40 bytes failed: Only part of a ReadProcessMemory or WriteProcessMemory request was completed. (0x12B)
[0309/120201.812:ERROR:process_memory_win.cc(73)] ReadMemory at 0x7ffe53c7f978 of 48 bytes failed: Only part of a ReadProcessMemory or WriteProcessMemory request was completed. (0x12B)
[0309/120201.812:ERROR:process_memory_win.cc(73)] ReadMemory at 0x7ffe53c853c0 of 64 bytes failed: Only part of a ReadProcessMemory or WriteProcessMemory request was completed. (0x12B)
[0309/120201.815:ERROR:scoped_process_suspend.cc(40)] NtResumeProcess: An attempt was made to access an exiting process. (0xc000010a)
